Date/Time:       2023-06-25 19:31:30 
Command line:    /home/luz/Documentos/app/beeware-venv/bin/briefcase new

OS Release:      Linux 5.15.0-52-generic
OS Version:      #58-Ubuntu SMP Thu Oct 13 08:03:55 UTC 2022
Architecture:    x86_64
Platform:        Linux-5.15.0-52-generic-x86_64-with-glibc2.35

Python exe:      /home/luz/Documentos/app/beeware-venv/bin/python
Python version:  3.10.6 (main, May 29 2023, 11:10:38) [GCC 11.3.0]
Virtual env:     True
Conda env:       False

Briefcase:       0.3.14
Target platform: all
Target format:   None

Environment Variables:
    CHROME_DESKTOP=code-url-handler.desktop
    COLORTERM=truecolor
    DBUS_SESSION_BUS_ADDRESS=unix:path=/run/user/1001/bus
    DEFAULTS_PATH=/usr/share/gconf/ubuntu.default.path
    DESKTOP_SESSION=ubuntu
    DISPLAY=:0
    GDK_BACKEND=x11
    GDMSESSION=ubuntu
    GIO_LAUNCHED_DESKTOP_FILE=/usr/share/applications/code.desktop
    GIO_LAUNCHED_DESKTOP_FILE_PID=13972
    GIT_ASKPASS=********************
    GJS_DEBUG_OUTPUT=stderr
    GJS_DEBUG_TOPICS=JS ERROR;JS LOG
    GNOME_DESKTOP_SESSION_ID=this-is-deprecated
    GNOME_SHELL_SESSION_MODE=ubuntu
    GPG_AGENT_INFO=/run/user/1001/gnupg/S.gpg-agent:0:1
    GTK_MODULES=gail:atk-bridge
    HOME=/home/luz
    INVOCATION_ID=423fd4e78b2a4f9e8bb13b6c4d99caa6
    JOURNAL_STREAM=8:30266
    LANG=es_CL.UTF-8
    LANGUAGE=es_CL:es
    LESSCLOSE=/usr/bin/lesspipe %s %s
    LESSOPEN=| /usr/bin/lesspipe %s
    LOGNAME=luz
    LS_COLORS=
    MANAGERPID=1108
    MANDATORY_PATH=/usr/share/gconf/ubuntu.mandatory.path
    ORIGINAL_XDG_CURRENT_DESKTOP=Unity
    PATH=/home/luz/Documentos/app/beeware-venv/bin:/home/luz/Documentos/app/beeware-venv/bin:undefined
    PS1=\[]633;A\](beeware-venv) \[]633;A\]\[\e]0;\u@\h: \w\a\]${debian_chroot:+($debian_chroot)}\[\033[01;32m\]\u@\h\[\033[00m\]:\[\033[01;34m\]\w\[\033[00m\]\$ \[]633;B\]\[]633;B\]
    PWD=/home/luz/Documentos/app
    QT_ACCESSIBILITY=1
    QT_IM_MODULE=ibus
    SESSION_MANAGER=local/asus-TUF-GAMING-FX504GE-FX80GE:@/tmp/.ICE-unix/2031,unix/asus-TUF-GAMING-FX504GE-FX80GE:/tmp/.ICE-unix/2031
    SHELL=/bin/bash
    SHLVL=1
    SSH_AGENT_LAUNCHER=gnome-keyring
    SSH_AUTH_SOCK=/run/user/1001/keyring/ssh
    SYSTEMD_EXEC_PID=2167
    TERM=xterm-256color
    TERM_PROGRAM=vscode
    TERM_PROGRAM_VERSION=1.79.2
    USER=luz
    USERNAME=luz
    VIRTUAL_ENV=/home/luz/Documentos/app/beeware-venv
    VIRTUAL_ENV_PROMPT=(beeware-venv) 
    VSCODE_GIT_ASKPASS_EXTRA_ARGS=********************
    VSCODE_GIT_ASKPASS_MAIN=********************
    VSCODE_GIT_ASKPASS_NODE=********************
    VSCODE_GIT_IPC_HANDLE=/run/user/1001/vscode-git-37dc8835ca.sock
    WINDOWPATH=2
    XAUTHORITY=/run/user/1001/gdm/Xauthority
    XDG_CONFIG_DIRS=/etc/xdg/xdg-ubuntu:/etc/xdg
    XDG_CURRENT_DESKTOP=Unity
    XDG_DATA_DIRS=/usr/share/ubuntu:/usr/share/gnome:/usr/local/share/:/usr/share/:/var/lib/snapd/desktop
    XDG_MENU_PREFIX=gnome-
    XDG_RUNTIME_DIR=/run/user/1001
    XDG_SESSION_CLASS=user
    XDG_SESSION_DESKTOP=ubuntu
    XDG_SESSION_TYPE=x11
    XMODIFIERS=@im=ibus
    _=/home/luz/Documentos/app/beeware-venv/bin/briefcase

Briefcase Log:
[19:31:30]                                                                                                                                                            __main__.py:40
           Briefcase requires git, but it is not installed (or is not on your PATH). Visit:                                                                           __main__.py:41
                                                                                                                                                                      __main__.py:41
               https://git-scm.com/                                                                                                                                   __main__.py:41
                                                                                                                                                                      __main__.py:41
           to download and install git manually.                                                                                                                      __main__.py:41
                                                                                                                                                                      __main__.py:41
           If you have installed git recently and are still getting this error, you may                                                                               __main__.py:41
           need to restart your terminal session.                                                                                                                     __main__.py:41

Main thread traceback:
â•­â”€â”€â”€â”€â”€â”€â”€â”€â”€â”€â”€â”€â”€â”€â”€â”€â”€â”€â”€â”€â”€â”€â”€â”€â”€â”€â”€â”€â”€â”€â”€â”€â”€â”€â”€â”€â”€â”€â”€â”€â”€â”€â”€â”€â”€â”€â”€â”€â”€â”€â”€â”€â”€â”€â”€â”€â”€â”€â”€â”€â”€â”€â”€â”€â”€â”€â”€â”€â”€â”€â”€ Traceback (most recent call last) â”€â”€â”€â”€â”€â”€â”€â”€â”€â”€â”€â”€â”€â”€â”€â”€â”€â”€â”€â”€â”€â”€â”€â”€â”€â”€â”€â”€â”€â”€â”€â”€â”€â”€â”€â”€â”€â”€â”€â”€â”€â”€â”€â”€â”€â”€â”€â”€â”€â”€â”€â”€â”€â”€â”€â”€â”€â”€â”€â”€â”€â”€â”€â”€â”€â”€â”€â”€â”€â”€â”€â”€â•®
â”‚ /home/luz/Documentos/app/beeware-venv/lib/python3.10/site-packages/git/__init__.py:89 in <module>                                                                                â”‚
â”‚                                                                                                                                                                                  â”‚
â”‚   86                                                                                                                                                                             â”‚
â”‚   87 #################                                                                                                                                                           â”‚
â”‚   88 try:                                                                                                                                                                        â”‚
â”‚ â± 89 â”‚   refresh()                                                                                                                                                               â”‚
â”‚   90 except Exception as exc:                                                                                                                                                    â”‚
â”‚   91 â”‚   raise ImportError("Failed to initialize: {0}".format(exc)) from exc                                                                                                     â”‚
â”‚   92 #################                                                                                                                                                           â”‚
â”‚                                                                                                                                                                                  â”‚
â”‚ â•­â”€â”€â”€â”€â”€â”€â”€â”€â”€â”€â”€â”€â”€â”€â”€â”€â”€â”€â”€â”€â”€â”€â”€â”€â”€â”€â”€â”€â”€â”€â”€â”€â”€â”€â”€â”€â”€â”€â”€â”€â”€â”€â”€â”€â”€â”€â”€â”€â”€â”€â”€â”€â”€â”€â”€â”€â”€â”€â”€â”€â”€â”€â”€â”€â”€â”€â”€â”€â”€â”€â”€â”€â”€â”€â”€ locals â”€â”€â”€â”€â”€â”€â”€â”€â”€â”€â”€â”€â”€â”€â”€â”€â”€â”€â”€â”€â”€â”€â”€â”€â”€â”€â”€â”€â”€â”€â”€â”€â”€â”€â”€â”€â”€â”€â”€â”€â”€â”€â”€â”€â”€â”€â”€â”€â”€â”€â”€â”€â”€â”€â”€â”€â”€â”€â”€â”€â”€â”€â”€â”€â”€â”€â”€â”€â”€â”€â”€â”€â”€â”€â”€â”€â•®                â”‚
â”‚ â”‚               _init_externals = <function _init_externals at 0x7efe63f95e10>                                                                                  â”‚                â”‚
â”‚ â”‚                         Actor = <class 'git.util.Actor'>                                                                                                      â”‚                â”‚
â”‚ â”‚           AmbiguousObjectName = <class 'gitdb.exc.AmbiguousObjectName'>                                                                                       â”‚                â”‚
â”‚ â”‚                       BadName = <class 'gitdb.exc.BadName'>                                                                                                   â”‚                â”‚
â”‚ â”‚                     BadObject = <class 'gitdb.exc.BadObject'>                                                                                                 â”‚                â”‚
â”‚ â”‚                 BadObjectType = <class 'gitdb.exc.BadObjectType'>                                                                                             â”‚                â”‚
â”‚ â”‚                          base = <module 'git.index.base' from '/home/luz/Documentos/app/beeware-venv/lib/python3.10/site-packages/git/index/base.py'>         â”‚                â”‚
â”‚ â”‚                BaseIndexEntry = <class 'git.index.typ.BaseIndexEntry'>                                                                                        â”‚                â”‚
â”‚ â”‚                          Blob = <class 'git.objects.blob.Blob'>                                                                                               â”‚                â”‚
â”‚ â”‚                    BlobFilter = <class 'git.index.typ.BlobFilter'>                                                                                            â”‚                â”‚
â”‚ â”‚              BlockingLockFile = <class 'git.util.BlockingLockFile'>                                                                                           â”‚                â”‚
â”‚ â”‚                    CacheError = <class 'git.exc.CacheError'>                                                                                                  â”‚                â”‚
â”‚ â”‚                 CheckoutError = <class 'git.exc.CheckoutError'>                                                                                               â”‚                â”‚
â”‚ â”‚                           cmd = <module 'git.cmd' from '/home/luz/Documentos/app/beeware-venv/lib/python3.10/site-packages/git/cmd.py'>                       â”‚                â”‚
â”‚ â”‚                  CommandError = <class 'git.exc.CommandError'>                                                                                                â”‚                â”‚
â”‚ â”‚                        Commit = <class 'git.objects.commit.Commit'>                                                                                           â”‚                â”‚
â”‚ â”‚                        compat = <module 'git.compat' from '/home/luz/Documentos/app/beeware-venv/lib/python3.10/site-packages/git/compat.py'>                 â”‚                â”‚
â”‚ â”‚                        config = <module 'git.config' from '/home/luz/Documentos/app/beeware-venv/lib/python3.10/site-packages/git/config.py'>                 â”‚                â”‚
â”‚ â”‚                            db = <module 'git.db' from '/home/luz/Documentos/app/beeware-venv/lib/python3.10/site-packages/git/db.py'>                         â”‚                â”‚
â”‚ â”‚                          diff = <module 'git.diff' from '/home/luz/Documentos/app/beeware-venv/lib/python3.10/site-packages/git/diff.py'>                     â”‚                â”‚
â”‚ â”‚                          Diff = <class 'git.diff.Diff'>                                                                                                       â”‚                â”‚
â”‚ â”‚                      Diffable = <class 'git.diff.Diffable'>                                                                                                   â”‚                â”‚
â”‚ â”‚                     DiffIndex = <class 'git.diff.DiffIndex'>                                                                                                  â”‚                â”‚
â”‚ â”‚                     FetchInfo = <class 'git.remote.FetchInfo'>                                                                                                â”‚                â”‚
â”‚ â”‚                           fun = <module 'git.index.fun' from '/home/luz/Documentos/app/beeware-venv/lib/python3.10/site-packages/git/index/fun.py'>           â”‚                â”‚
â”‚ â”‚                           Git = <class 'git.cmd.Git'>                                                                                                         â”‚                â”‚
â”‚ â”‚                        GIT_OK = False                                                                                                                         â”‚                â”‚
â”‚ â”‚                GitCmdObjectDB = <class 'git.db.GitCmdObjectDB'>                                                                                               â”‚                â”‚
â”‚ â”‚               GitCommandError = <class 'git.exc.GitCommandError'>                                                                                             â”‚                â”‚
â”‚ â”‚            GitCommandNotFound = <class 'git.exc.GitCommandNotFound'>                                                                                          â”‚                â”‚
â”‚ â”‚               GitConfigParser = <class 'git.config.GitConfigParser'>                                                                                          â”‚                â”‚
â”‚ â”‚                         GitDB = <class 'gitdb.db.git.GitDB'>                                                                                                  â”‚                â”‚
â”‚ â”‚                      GitError = <class 'git.exc.GitError'>                                                                                                    â”‚                â”‚
â”‚ â”‚                          head = <module 'git.refs.head' from '/home/luz/Documentos/app/beeware-venv/lib/python3.10/site-packages/git/refs/head.py'>           â”‚                â”‚
â”‚ â”‚                          HEAD = <class 'git.refs.head.HEAD'>                                                                                                  â”‚                â”‚
â”‚ â”‚                          Head = <class 'git.refs.head.Head'>                                                                                                  â”‚                â”‚
â”‚ â”‚            HookExecutionError = <class 'git.exc.HookExecutionError'>                                                                                          â”‚                â”‚
â”‚ â”‚                         index = <module 'git.index' from '/home/luz/Documentos/app/beeware-venv/lib/python3.10/site-packages/git/index/__init__.py'>          â”‚                â”‚
â”‚ â”‚                    IndexEntry = <class 'git.index.typ.IndexEntry'>                                                                                            â”‚                â”‚
â”‚ â”‚                     IndexFile = <class 'git.index.base.IndexFile'>                                                                                            â”‚                â”‚
â”‚ â”‚                   IndexObject = <class 'git.objects.base.IndexObject'>                                                                                        â”‚                â”‚
â”‚ â”‚                       inspect = <module 'inspect' from '/usr/lib/python3.10/inspect.py'>                                                                      â”‚                â”‚
â”‚ â”‚                 InvalidDBRoot = <class 'gitdb.exc.InvalidDBRoot'>                                                                                             â”‚                â”‚
â”‚ â”‚     InvalidGitRepositoryError = <class 'git.exc.InvalidGitRepositoryError'>                                                                                   â”‚                â”‚
â”‚ â”‚                          List = typing.List                                                                                                                   â”‚                â”‚
â”‚ â”‚                      LockFile = <class 'git.util.LockFile'>                                                                                                   â”‚                â”‚
â”‚ â”‚                           log = <module 'git.refs.log' from '/home/luz/Documentos/app/beeware-venv/lib/python3.10/site-packages/git/refs/log.py'>             â”‚                â”‚
â”‚ â”‚               NoSuchPathError = <class 'git.exc.NoSuchPathError'>                                                                                             â”‚                â”‚
â”‚ â”‚                     NULL_TREE = <object object at 0x7efe65b462d0>                                                                                             â”‚                â”‚
â”‚ â”‚                        Object = <class 'git.objects.base.Object'>                                                                                             â”‚                â”‚
â”‚ â”‚                       objects = <module 'git.objects' from '/home/luz/Documentos/app/beeware-venv/lib/python3.10/site-packages/git/objects/__init__.py'>      â”‚                â”‚
â”‚ â”‚                      ODBError = <class 'gitdb.exc.ODBError'>                                                                                                  â”‚                â”‚
â”‚ â”‚                      Optional = typing.Optional                                                                                                               â”‚                â”‚
â”‚ â”‚                            os = <module 'os' from '/usr/lib/python3.10/os.py'>                                                                                â”‚                â”‚
â”‚ â”‚                           osp = <module 'posixpath' from '/usr/lib/python3.10/posixpath.py'>                                                                  â”‚                â”‚
â”‚ â”‚                    ParseError = <class 'gitdb.exc.ParseError'>                                                                                                â”‚                â”‚
â”‚ â”‚                      PathLike = typing.Union[str, os.PathLike[str]]                                                                                           â”‚                â”‚
â”‚ â”‚                      PushInfo = <class 'git.remote.PushInfo'>                                                                                                 â”‚                â”‚
â”‚ â”‚                     reference = <module 'git.refs.reference' from '/home/luz/Documentos/app/beeware-venv/lib/python3.10/site-packages/git/refs/reference.py'> â”‚                â”‚
â”‚ â”‚                     Reference = <class 'git.refs.reference.Reference'>                                                                                        â”‚                â”‚
â”‚ â”‚                        RefLog = <class 'git.refs.log.RefLog'>                                                                                                 â”‚                â”‚
â”‚ â”‚                   RefLogEntry = <class 'git.refs.log.RefLogEntry'>                                                                                            â”‚                â”‚
â”‚ â”‚                       refresh = <function refresh at 0x7efe63e30430>                                                                                          â”‚                â”‚
â”‚ â”‚                          refs = <module 'git.refs' from '/home/luz/Documentos/app/beeware-venv/lib/python3.10/site-packages/git/refs/__init__.py'>            â”‚                â”‚
â”‚ â”‚                        remote = <module 'git.remote' from '/home/luz/Documentos/app/beeware-venv/lib/python3.10/site-packages/git/remote.py'>                 â”‚                â”‚
â”‚ â”‚                        Remote = <class 'git.remote.Remote'>                                                                                                   â”‚                â”‚
â”‚ â”‚                RemoteProgress = <class 'git.util.RemoteProgress'>                                                                                             â”‚                â”‚
â”‚ â”‚               RemoteReference = <class 'git.refs.remote.RemoteReference'>                                                                                     â”‚                â”‚
â”‚ â”‚    remove_password_if_present = <function remove_password_if_present at 0x7efe63e02440>                                                                       â”‚                â”‚
â”‚ â”‚                          repo = <module 'git.repo' from '/home/luz/Documentos/app/beeware-venv/lib/python3.10/site-packages/git/repo/__init__.py'>            â”‚                â”‚
â”‚ â”‚                          Repo = <class 'git.repo.base.Repo'>                                                                                                  â”‚                â”‚
â”‚ â”‚          RepositoryDirtyError = <class 'git.exc.RepositoryDirtyError'>                                                                                        â”‚                â”‚
â”‚ â”‚                        rmtree = <function rmtree at 0x7efe63e01990>                                                                                           â”‚                â”‚
â”‚ â”‚                    RootModule = <class 'git.objects.submodule.root.RootModule'>                                                                               â”‚                â”‚
â”‚ â”‚            RootUpdateProgress = <class 'git.objects.submodule.root.RootUpdateProgress'>                                                                       â”‚                â”‚
â”‚ â”‚                   safe_decode = <function safe_decode at 0x7efe63f96680>                                                                                      â”‚                â”‚
â”‚ â”‚                      Sequence = typing.Sequence                                                                                                               â”‚                â”‚
â”‚ â”‚                     StageType = <class 'int'>                                                                                                                 â”‚                â”‚
â”‚ â”‚                         Stats = <class 'git.util.Stats'>                                                                                                      â”‚                â”‚
â”‚ â”‚                     Submodule = <class 'git.objects.submodule.base.Submodule'>                                                                                â”‚                â”‚
â”‚ â”‚                      symbolic = <module 'git.refs.symbolic' from '/home/luz/Documentos/app/beeware-venv/lib/python3.10/site-packages/git/refs/symbolic.py'>   â”‚                â”‚
â”‚ â”‚             SymbolicReference = <class 'git.refs.symbolic.SymbolicReference'>                                                                                 â”‚                â”‚
â”‚ â”‚                           sys = <module 'sys' (built-in)>                                                                                                     â”‚                â”‚
â”‚ â”‚                           tag = <module 'git.refs.tag' from '/home/luz/Documentos/app/beeware-venv/lib/python3.10/site-packages/git/refs/tag.py'>             â”‚                â”‚
â”‚ â”‚                           Tag = <class 'git.refs.tag.TagReference'>                                                                                           â”‚                â”‚
â”‚ â”‚                     TagObject = <class 'git.objects.tag.TagObject'>                                                                                           â”‚                â”‚
â”‚ â”‚                  TagReference = <class 'git.refs.tag.TagReference'>                                                                                           â”‚                â”‚
â”‚ â”‚                    to_hex_sha = <function to_hex_sha at 0x7efe63fbe4d0>                                                                                       â”‚                â”‚
â”‚ â”‚                          Tree = <class 'git.objects.tree.Tree'>                                                                                               â”‚                â”‚
â”‚ â”‚                  TreeModifier = <class 'git.objects.tree.TreeModifier'>                                                                                       â”‚                â”‚
â”‚ â”‚                         Tuple = typing.Tuple                                                                                                                  â”‚                â”‚
â”‚ â”‚                           typ = <module 'git.index.typ' from '/home/luz/Documentos/app/beeware-venv/lib/python3.10/site-packages/git/index/typ.py'>           â”‚                â”‚
â”‚ â”‚                 TYPE_CHECKING = False                                                                                                                         â”‚                â”‚
â”‚ â”‚                         types = <module 'git.types' from '/home/luz/Documentos/app/beeware-venv/lib/python3.10/site-packages/git/types.py'>                   â”‚                â”‚
â”‚ â”‚                         Union = typing.Union                                                                                                                  â”‚                â”‚
â”‚ â”‚          UnmergedEntriesError = <class 'git.exc.UnmergedEntriesError'>                                                                                        â”‚                â”‚
â”‚ â”‚             UnsafeOptionError = <class 'git.exc.UnsafeOptionError'>                                                                                           â”‚                â”‚
â”‚ â”‚           UnsafeProtocolError = <class 'git.exc.UnsafeProtocolError'>                                                                                         â”‚                â”‚
â”‚ â”‚          UnsupportedOperation = <class 'gitdb.exc.UnsupportedOperation'>                                                                                      â”‚                â”‚
â”‚ â”‚                UpdateProgress = <class 'git.objects.submodule.base.UpdateProgress'>                                                                           â”‚                â”‚
â”‚ â”‚                          util = <module 'git.index.util' from '/home/luz/Documentos/app/beeware-venv/lib/python3.10/site-packages/git/index/util.py'>         â”‚                â”‚
â”‚ â”‚ WorkTreeRepositoryUnsupported = <class 'git.exc.WorkTreeRepositoryUnsupported'>                                                                               â”‚                â”‚
â”‚ â•°â”€â”€â”€â”€â”€â”€â”€â”€â”€â”€â”€â”€â”€â”€â”€â”€â”€â”€â”€â”€â”€â”€â”€â”€â”€â”€â”€â”€â”€â”€â”€â”€â”€â”€â”€â”€â”€â”€â”€â”€â”€â”€â”€â”€â”€â”€â”€â”€â”€â”€â”€â”€â”€â”€â”€â”€â”€â”€â”€â”€â”€â”€â”€â”€â”€â”€â”€â”€â”€â”€â”€â”€â”€â”€â”€â”€â”€â”€â”€â”€â”€â”€â”€â”€â”€â”€â”€â”€â”€â”€â”€â”€â”€â”€â”€â”€â”€â”€â”€â”€â”€â”€â”€â”€â”€â”€â”€â”€â”€â”€â”€â”€â”€â”€â”€â”€â”€â”€â”€â”€â”€â”€â”€â”€â”€â”€â”€â”€â”€â”€â”€â”€â”€â”€â”€â”€â”€â”€â”€â”€â”€â”€â”€â”€â”€â”€â”€â”€â”€â”€â”€â”€â”€â”€â”€â”€â”€â”€â”€â•¯                â”‚
â”‚                                                                                                                                                                                  â”‚
â”‚ /home/luz/Documentos/app/beeware-venv/lib/python3.10/site-packages/git/__init__.py:76 in refresh                                                                                 â”‚
â”‚                                                                                                                                                                                  â”‚
â”‚   73 â”‚   global GIT_OK                                                                        â•­â”€â”€ locals â”€â”€â”€â•®                                                                    â”‚
â”‚   74 â”‚   GIT_OK = False                                                                       â”‚ path = None â”‚                                                                    â”‚
â”‚   75 â”‚                                                                                        â•°â”€â”€â”€â”€â”€â”€â”€â”€â”€â”€â”€â”€â”€â•¯                                                                    â”‚
â”‚ â± 76 â”‚   if not Git.refresh(path=path):                                                                                                                                          â”‚
â”‚   77 â”‚   â”‚   return                                                                                                                                                              â”‚
â”‚   78 â”‚   if not FetchInfo.refresh():                                                                                                                                             â”‚
â”‚   79 â”‚   â”‚   return                                                                                                                                                              â”‚
â”‚                                                                                                                                                                                  â”‚
â”‚ /home/luz/Documentos/app/beeware-venv/lib/python3.10/site-packages/git/cmd.py:392 in refresh                                                                                     â”‚
â”‚                                                                                                                                                                                  â”‚
â”‚    389 â”‚   â”‚   â”‚   â”‚   â”‚   if mode in warn:                                                                                                                                      â”‚
â”‚    390 â”‚   â”‚   â”‚   â”‚   â”‚   â”‚   print("WARNING: %s" % err)                                                                                                                        â”‚
â”‚    391 â”‚   â”‚   â”‚   â”‚   â”‚   else:                                                                                                                                                 â”‚
â”‚ â±  392 â”‚   â”‚   â”‚   â”‚   â”‚   â”‚   raise ImportError(err)                                                                                                                            â”‚
â”‚    393 â”‚   â”‚   â”‚   â”‚   else:                                                                                                                                                     â”‚
â”‚    394 â”‚   â”‚   â”‚   â”‚   â”‚   err = (                                                                                                                                               â”‚
â”‚    395 â”‚   â”‚   â”‚   â”‚   â”‚   â”‚   dedent(                                                                                                                                           â”‚
â”‚                                                                                                                                                                                  â”‚
â”‚ â•­â”€â”€â”€â”€â”€â”€â”€â”€â”€â”€â”€â”€â”€â”€â”€â”€â”€â”€â”€â”€â”€â”€â”€â”€â”€â”€â”€â”€â”€â”€â”€â”€â”€â”€â”€â”€â”€â”€â”€â”€â”€â”€â”€â”€â”€ locals â”€â”€â”€â”€â”€â”€â”€â”€â”€â”€â”€â”€â”€â”€â”€â”€â”€â”€â”€â”€â”€â”€â”€â”€â”€â”€â”€â”€â”€â”€â”€â”€â”€â”€â”€â”€â”€â”€â”€â”€â”€â”€â”€â”€â”€â”€â•®                                                                            â”‚
â”‚ â”‚     cls = <class 'git.cmd.Git'>                                                                   â”‚                                                                            â”‚
â”‚ â”‚     err = 'Bad git executable.\nThe git executable must be specified in one of the following'+534 â”‚                                                                            â”‚
â”‚ â”‚   error = ['error', 'e', 'raise', 'r', '2']                                                       â”‚                                                                            â”‚
â”‚ â”‚ has_git = False                                                                                   â”‚                                                                            â”‚
â”‚ â”‚    mode = 'raise'                                                                                 â”‚                                                                            â”‚
â”‚ â”‚ new_git = 'git'                                                                                   â”‚                                                                            â”‚
â”‚ â”‚ old_git = None                                                                                    â”‚                                                                            â”‚
â”‚ â”‚    path = None                                                                                    â”‚                                                                            â”‚
â”‚ â”‚   quiet = ['quiet', 'q', 'silence', 's', 'none', 'n', '0']                                        â”‚                                                                            â”‚
â”‚ â”‚    warn = ['warn', 'w', 'warning', '1']                                                           â”‚                                                                            â”‚
â”‚ â•°â”€â”€â”€â”€â”€â”€â”€â”€â”€â”€â”€â”€â”€â”€â”€â”€â”€â”€â”€â”€â”€â”€â”€â”€â”€â”€â”€â”€â”€â”€â”€â”€â”€â”€â”€â”€â”€â”€â”€â”€â”€â”€â”€â”€â”€â”€â”€â”€â”€â”€â”€â”€â”€â”€â”€â”€â”€â”€â”€â”€â”€â”€â”€â”€â”€â”€â”€â”€â”€â”€â”€â”€â”€â”€â”€â”€â”€â”€â”€â”€â”€â”€â”€â”€â”€â”€â”€â”€â”€â”€â”€â”€â”€â”€â”€â”€â”€â”€â”€â•¯                                                                            â”‚
â•°â”€â”€â”€â”€â”€â”€â”€â”€â”€â”€â”€â”€â”€â”€â”€â”€â”€â”€â”€â”€â”€â”€â”€â”€â”€â”€â”€â”€â”€â”€â”€â”€â”€â”€â”€â”€â”€â”€â”€â”€â”€â”€â”€â”€â”€â”€â”€â”€â”€â”€â”€â”€â”€â”€â”€â”€â”€â”€â”€â”€â”€â”€â”€â”€â”€â”€â”€â”€â”€â”€â”€â”€â”€â”€â”€â”€â”€â”€â”€â”€â”€â”€â”€â”€â”€â”€â”€â”€â”€â”€â”€â”€â”€â”€â”€â”€â”€â”€â”€â”€â”€â”€â”€â”€â”€â”€â”€â”€â”€â”€â”€â”€â”€â”€â”€â”€â”€â”€â”€â”€â”€â”€â”€â”€â”€â”€â”€â”€â”€â”€â”€â”€â”€â”€â”€â”€â”€â”€â”€â”€â”€â”€â”€â”€â”€â”€â”€â”€â”€â”€â”€â”€â”€â”€â”€â”€â”€â”€â”€â”€â”€â”€â”€â”€â”€â”€â”€â”€â”€â”€â”€â”€â”€â”€â”€â”€â”€â”€â•¯
ImportError: Bad git executable.
The git executable must be specified in one of the following ways:
    - be included in your $PATH
    - be set via $GIT_PYTHON_GIT_EXECUTABLE
    - explicitly set via git.refresh()

All git commands will error until this is rectified.

This initial warning can be silenced or aggravated in the future by setting the
$GIT_PYTHON_REFRESH environment variable. Use one of the following values:
    - quiet|q|silence|s|none|n|0: for no warning or exception
    - warn|w|warning|1: for a printed warning
    - error|e|raise|r|2: for a raised exception

Example:
    export GIT_PYTHON_REFRESH=quiet


The above exception was the direct cause of the following exception:

â•­â”€â”€â”€â”€â”€â”€â”€â”€â”€â”€â”€â”€â”€â”€â”€â”€â”€â”€â”€â”€â”€â”€â”€â”€â”€â”€â”€â”€â”€â”€â”€â”€â”€â”€â”€â”€â”€â”€â”€â”€â”€â”€â”€â”€â”€â”€â”€â”€â”€â”€â”€â”€â”€â”€â”€â”€â”€â”€â”€â”€â”€â”€â”€â”€â”€â”€â”€â”€â”€â”€â”€ Traceback (most recent call last) â”€â”€â”€â”€â”€â”€â”€â”€â”€â”€â”€â”€â”€â”€â”€â”€â”€â”€â”€â”€â”€â”€â”€â”€â”€â”€â”€â”€â”€â”€â”€â”€â”€â”€â”€â”€â”€â”€â”€â”€â”€â”€â”€â”€â”€â”€â”€â”€â”€â”€â”€â”€â”€â”€â”€â”€â”€â”€â”€â”€â”€â”€â”€â”€â”€â”€â”€â”€â”€â”€â”€â”€â•®
â”‚ /home/luz/Documentos/app/beeware-venv/lib/python3.10/site-packages/briefcase/integrations/git.py:28 in verify_git_is_installed                                                   â”‚
â”‚                                                                                                                                                                                  â”‚
â”‚   25 â”‚                                                                                        â•­â”€â”€â”€â”€â”€â”€â”€â”€â”€â”€â”€â”€â”€â”€â”€â”€â”€â”€â”€â”€â”€â”€â”€â”€â”€â”€â”€â”€â”€â”€â”€â”€â”€ locals â”€â”€â”€â”€â”€â”€â”€â”€â”€â”€â”€â”€â”€â”€â”€â”€â”€â”€â”€â”€â”€â”€â”€â”€â”€â”€â”€â”€â”€â”€â”€â”€â”€â•®       â”‚
â”‚   26 â”‚   # Check whether the git executable could be imported.                                â”‚ tools = <briefcase.integrations.base.ToolCache object at 0x7efe656462f0> â”‚       â”‚
â”‚   27 â”‚   try:                                                                                 â•°â”€â”€â”€â”€â”€â”€â”€â”€â”€â”€â”€â”€â”€â”€â”€â”€â”€â”€â”€â”€â”€â”€â”€â”€â”€â”€â”€â”€â”€â”€â”€â”€â”€â”€â”€â”€â”€â”€â”€â”€â”€â”€â”€â”€â”€â”€â”€â”€â”€â”€â”€â”€â”€â”€â”€â”€â”€â”€â”€â”€â”€â”€â”€â”€â”€â”€â”€â”€â”€â”€â”€â”€â”€â”€â•¯       â”‚
â”‚ â± 28 â”‚   â”‚   import git                                                                                                                                                          â”‚
â”‚   29 â”‚   except ImportError as e:  # pragma: no cover                                                                                                                            â”‚
â”‚   30 â”‚   â”‚   # macOS provides git as part of the Xcode command line tools,                                                                                                       â”‚
â”‚   31 â”‚   â”‚   # and also hijacks /usr/bin/git with a trigger that prompts the                                                                                                     â”‚
â”‚                                                                                                                                                                                  â”‚
â”‚ /home/luz/Documentos/app/beeware-venv/lib/python3.10/site-packages/git/__init__.py:91 in <module>                                                                                â”‚
â”‚                                                                                                                                                                                  â”‚
â”‚   88 try:                                                                                                                                                                        â”‚
â”‚   89 â”‚   refresh()                                                                                                                                                               â”‚
â”‚   90 except Exception as exc:                                                                                                                                                    â”‚
â”‚ â± 91 â”‚   raise ImportError("Failed to initialize: {0}".format(exc)) from exc                                                                                                     â”‚
â”‚   92 #################                                                                                                                                                           â”‚
â”‚   93                                                                                                                                                                             â”‚
â”‚                                                                                                                                                                                  â”‚
â”‚ â•­â”€â”€â”€â”€â”€â”€â”€â”€â”€â”€â”€â”€â”€â”€â”€â”€â”€â”€â”€â”€â”€â”€â”€â”€â”€â”€â”€â”€â”€â”€â”€â”€â”€â”€â”€â”€â”€â”€â”€â”€â”€â”€â”€â”€â”€â”€â”€â”€â”€â”€â”€â”€â”€â”€â”€â”€â”€â”€â”€â”€â”€â”€â”€â”€â”€â”€â”€â”€â”€â”€â”€â”€â”€â”€â”€ locals â”€â”€â”€â”€â”€â”€â”€â”€â”€â”€â”€â”€â”€â”€â”€â”€â”€â”€â”€â”€â”€â”€â”€â”€â”€â”€â”€â”€â”€â”€â”€â”€â”€â”€â”€â”€â”€â”€â”€â”€â”€â”€â”€â”€â”€â”€â”€â”€â”€â”€â”€â”€â”€â”€â”€â”€â”€â”€â”€â”€â”€â”€â”€â”€â”€â”€â”€â”€â”€â”€â”€â”€â”€â”€â”€â”€â•®                â”‚
â”‚ â”‚               _init_externals = <function _init_externals at 0x7efe63f95e10>                                                                                  â”‚                â”‚
â”‚ â”‚                         Actor = <class 'git.util.Actor'>                                                                                                      â”‚                â”‚
â”‚ â”‚           AmbiguousObjectName = <class 'gitdb.exc.AmbiguousObjectName'>                                                                                       â”‚                â”‚
â”‚ â”‚                       BadName = <class 'gitdb.exc.BadName'>                                                                                                   â”‚                â”‚
â”‚ â”‚                     BadObject = <class 'gitdb.exc.BadObject'>                                                                                                 â”‚                â”‚
â”‚ â”‚                 BadObjectType = <class 'gitdb.exc.BadObjectType'>                                                                                             â”‚                â”‚
â”‚ â”‚                          base = <module 'git.index.base' from '/home/luz/Documentos/app/beeware-venv/lib/python3.10/site-packages/git/index/base.py'>         â”‚                â”‚
â”‚ â”‚                BaseIndexEntry = <class 'git.index.typ.BaseIndexEntry'>                                                                                        â”‚                â”‚
â”‚ â”‚                          Blob = <class 'git.objects.blob.Blob'>                                                                                               â”‚                â”‚
â”‚ â”‚                    BlobFilter = <class 'git.index.typ.BlobFilter'>                                                                                            â”‚                â”‚
â”‚ â”‚              BlockingLockFile = <class 'git.util.BlockingLockFile'>                                                                                           â”‚                â”‚
â”‚ â”‚                    CacheError = <class 'git.exc.CacheError'>                                                                                                  â”‚                â”‚
â”‚ â”‚                 CheckoutError = <class 'git.exc.CheckoutError'>                                                                                               â”‚                â”‚
â”‚ â”‚                           cmd = <module 'git.cmd' from '/home/luz/Documentos/app/beeware-venv/lib/python3.10/site-packages/git/cmd.py'>                       â”‚                â”‚
â”‚ â”‚                  CommandError = <class 'git.exc.CommandError'>                                                                                                â”‚                â”‚
â”‚ â”‚                        Commit = <class 'git.objects.commit.Commit'>                                                                                           â”‚                â”‚
â”‚ â”‚                        compat = <module 'git.compat' from '/home/luz/Documentos/app/beeware-venv/lib/python3.10/site-packages/git/compat.py'>                 â”‚                â”‚
â”‚ â”‚                        config = <module 'git.config' from '/home/luz/Documentos/app/beeware-venv/lib/python3.10/site-packages/git/config.py'>                 â”‚                â”‚
â”‚ â”‚                            db = <module 'git.db' from '/home/luz/Documentos/app/beeware-venv/lib/python3.10/site-packages/git/db.py'>                         â”‚                â”‚
â”‚ â”‚                          diff = <module 'git.diff' from '/home/luz/Documentos/app/beeware-venv/lib/python3.10/site-packages/git/diff.py'>                     â”‚                â”‚
â”‚ â”‚                          Diff = <class 'git.diff.Diff'>                                                                                                       â”‚                â”‚
â”‚ â”‚                      Diffable = <class 'git.diff.Diffable'>                                                                                                   â”‚                â”‚
â”‚ â”‚                     DiffIndex = <class 'git.diff.DiffIndex'>                                                                                                  â”‚                â”‚
â”‚ â”‚                     FetchInfo = <class 'git.remote.FetchInfo'>                                                                                                â”‚                â”‚
â”‚ â”‚                           fun = <module 'git.index.fun' from '/home/luz/Documentos/app/beeware-venv/lib/python3.10/site-packages/git/index/fun.py'>           â”‚                â”‚
â”‚ â”‚                           Git = <class 'git.cmd.Git'>                                                                                                         â”‚                â”‚
â”‚ â”‚                        GIT_OK = False                                                                                                                         â”‚                â”‚
â”‚ â”‚                GitCmdObjectDB = <class 'git.db.GitCmdObjectDB'>                                                                                               â”‚                â”‚
â”‚ â”‚               GitCommandError = <class 'git.exc.GitCommandError'>                                                                                             â”‚                â”‚
â”‚ â”‚            GitCommandNotFound = <class 'git.exc.GitCommandNotFound'>                                                                                          â”‚                â”‚
â”‚ â”‚               GitConfigParser = <class 'git.config.GitConfigParser'>                                                                                          â”‚                â”‚
â”‚ â”‚                         GitDB = <class 'gitdb.db.git.GitDB'>                                                                                                  â”‚                â”‚
â”‚ â”‚                      GitError = <class 'git.exc.GitError'>                                                                                                    â”‚                â”‚
â”‚ â”‚                          head = <module 'git.refs.head' from '/home/luz/Documentos/app/beeware-venv/lib/python3.10/site-packages/git/refs/head.py'>           â”‚                â”‚
â”‚ â”‚                          HEAD = <class 'git.refs.head.HEAD'>                                                                                                  â”‚                â”‚
â”‚ â”‚                          Head = <class 'git.refs.head.Head'>                                                                                                  â”‚                â”‚
â”‚ â”‚            HookExecutionError = <class 'git.exc.HookExecutionError'>                                                                                          â”‚                â”‚
â”‚ â”‚                         index = <module 'git.index' from '/home/luz/Documentos/app/beeware-venv/lib/python3.10/site-packages/git/index/__init__.py'>          â”‚                â”‚
â”‚ â”‚                    IndexEntry = <class 'git.index.typ.IndexEntry'>                                                                                            â”‚                â”‚
â”‚ â”‚                     IndexFile = <class 'git.index.base.IndexFile'>                                                                                            â”‚                â”‚
â”‚ â”‚                   IndexObject = <class 'git.objects.base.IndexObject'>                                                                                        â”‚                â”‚
â”‚ â”‚                       inspect = <module 'inspect' from '/usr/lib/python3.10/inspect.py'>                                                                      â”‚                â”‚
â”‚ â”‚                 InvalidDBRoot = <class 'gitdb.exc.InvalidDBRoot'>                                                                                             â”‚                â”‚
â”‚ â”‚     InvalidGitRepositoryError = <class 'git.exc.InvalidGitRepositoryError'>                                                                                   â”‚                â”‚
â”‚ â”‚                          List = typing.List                                                                                                                   â”‚                â”‚
â”‚ â”‚                      LockFile = <class 'git.util.LockFile'>                                                                                                   â”‚                â”‚
â”‚ â”‚                           log = <module 'git.refs.log' from '/home/luz/Documentos/app/beeware-venv/lib/python3.10/site-packages/git/refs/log.py'>             â”‚                â”‚
â”‚ â”‚               NoSuchPathError = <class 'git.exc.NoSuchPathError'>                                                                                             â”‚                â”‚
â”‚ â”‚                     NULL_TREE = <object object at 0x7efe65b462d0>                                                                                             â”‚                â”‚
â”‚ â”‚                        Object = <class 'git.objects.base.Object'>                                                                                             â”‚                â”‚
â”‚ â”‚                       objects = <module 'git.objects' from '/home/luz/Documentos/app/beeware-venv/lib/python3.10/site-packages/git/objects/__init__.py'>      â”‚                â”‚
â”‚ â”‚                      ODBError = <class 'gitdb.exc.ODBError'>                                                                                                  â”‚                â”‚
â”‚ â”‚                      Optional = typing.Optional                                                                                                               â”‚                â”‚
â”‚ â”‚                            os = <module 'os' from '/usr/lib/python3.10/os.py'>                                                                                â”‚                â”‚
â”‚ â”‚                           osp = <module 'posixpath' from '/usr/lib/python3.10/posixpath.py'>                                                                  â”‚                â”‚
â”‚ â”‚                    ParseError = <class 'gitdb.exc.ParseError'>                                                                                                â”‚                â”‚
â”‚ â”‚                      PathLike = typing.Union[str, os.PathLike[str]]                                                                                           â”‚                â”‚
â”‚ â”‚                      PushInfo = <class 'git.remote.PushInfo'>                                                                                                 â”‚                â”‚
â”‚ â”‚                     reference = <module 'git.refs.reference' from '/home/luz/Documentos/app/beeware-venv/lib/python3.10/site-packages/git/refs/reference.py'> â”‚                â”‚
â”‚ â”‚                     Reference = <class 'git.refs.reference.Reference'>                                                                                        â”‚                â”‚
â”‚ â”‚                        RefLog = <class 'git.refs.log.RefLog'>                                                                                                 â”‚                â”‚
â”‚ â”‚                   RefLogEntry = <class 'git.refs.log.RefLogEntry'>                                                                                            â”‚                â”‚
â”‚ â”‚                       refresh = <function refresh at 0x7efe63e30430>                                                                                          â”‚                â”‚
â”‚ â”‚                          refs = <module 'git.refs' from '/home/luz/Documentos/app/beeware-venv/lib/python3.10/site-packages/git/refs/__init__.py'>            â”‚                â”‚
â”‚ â”‚                        remote = <module 'git.remote' from '/home/luz/Documentos/app/beeware-venv/lib/python3.10/site-packages/git/remote.py'>                 â”‚                â”‚
â”‚ â”‚                        Remote = <class 'git.remote.Remote'>                                                                                                   â”‚                â”‚
â”‚ â”‚                RemoteProgress = <class 'git.util.RemoteProgress'>                                                                                             â”‚                â”‚
â”‚ â”‚               RemoteReference = <class 'git.refs.remote.RemoteReference'>                                                                                     â”‚                â”‚
â”‚ â”‚    remove_password_if_present = <function remove_password_if_present at 0x7efe63e02440>                                                                       â”‚                â”‚
â”‚ â”‚                          repo = <module 'git.repo' from '/home/luz/Documentos/app/beeware-venv/lib/python3.10/site-packages/git/repo/__init__.py'>            â”‚                â”‚
â”‚ â”‚                          Repo = <class 'git.repo.base.Repo'>                                                                                                  â”‚                â”‚
â”‚ â”‚          RepositoryDirtyError = <class 'git.exc.RepositoryDirtyError'>                                                                                        â”‚                â”‚
â”‚ â”‚                        rmtree = <function rmtree at 0x7efe63e01990>                                                                                           â”‚                â”‚
â”‚ â”‚                    RootModule = <class 'git.objects.submodule.root.RootModule'>                                                                               â”‚                â”‚
â”‚ â”‚            RootUpdateProgress = <class 'git.objects.submodule.root.RootUpdateProgress'>                                                                       â”‚                â”‚
â”‚ â”‚                   safe_decode = <function safe_decode at 0x7efe63f96680>                                                                                      â”‚                â”‚
â”‚ â”‚                      Sequence = typing.Sequence                                                                                                               â”‚                â”‚
â”‚ â”‚                     StageType = <class 'int'>                                                                                                                 â”‚                â”‚
â”‚ â”‚                         Stats = <class 'git.util.Stats'>                                                                                                      â”‚                â”‚
â”‚ â”‚                     Submodule = <class 'git.objects.submodule.base.Submodule'>                                                                                â”‚                â”‚
â”‚ â”‚                      symbolic = <module 'git.refs.symbolic' from '/home/luz/Documentos/app/beeware-venv/lib/python3.10/site-packages/git/refs/symbolic.py'>   â”‚                â”‚
â”‚ â”‚             SymbolicReference = <class 'git.refs.symbolic.SymbolicReference'>                                                                                 â”‚                â”‚
â”‚ â”‚                           sys = <module 'sys' (built-in)>                                                                                                     â”‚                â”‚
â”‚ â”‚                           tag = <module 'git.refs.tag' from '/home/luz/Documentos/app/beeware-venv/lib/python3.10/site-packages/git/refs/tag.py'>             â”‚                â”‚
â”‚ â”‚                           Tag = <class 'git.refs.tag.TagReference'>                                                                                           â”‚                â”‚
â”‚ â”‚                     TagObject = <class 'git.objects.tag.TagObject'>                                                                                           â”‚                â”‚
â”‚ â”‚                  TagReference = <class 'git.refs.tag.TagReference'>                                                                                           â”‚                â”‚
â”‚ â”‚                    to_hex_sha = <function to_hex_sha at 0x7efe63fbe4d0>                                                                                       â”‚                â”‚
â”‚ â”‚                          Tree = <class 'git.objects.tree.Tree'>                                                                                               â”‚                â”‚
â”‚ â”‚                  TreeModifier = <class 'git.objects.tree.TreeModifier'>                                                                                       â”‚                â”‚
â”‚ â”‚                         Tuple = typing.Tuple                                                                                                                  â”‚                â”‚
â”‚ â”‚                           typ = <module 'git.index.typ' from '/home/luz/Documentos/app/beeware-venv/lib/python3.10/site-packages/git/index/typ.py'>           â”‚                â”‚
â”‚ â”‚                 TYPE_CHECKING = False                                                                                                                         â”‚                â”‚
â”‚ â”‚                         types = <module 'git.types' from '/home/luz/Documentos/app/beeware-venv/lib/python3.10/site-packages/git/types.py'>                   â”‚                â”‚
â”‚ â”‚                         Union = typing.Union                                                                                                                  â”‚                â”‚
â”‚ â”‚          UnmergedEntriesError = <class 'git.exc.UnmergedEntriesError'>                                                                                        â”‚                â”‚
â”‚ â”‚             UnsafeOptionError = <class 'git.exc.UnsafeOptionError'>                                                                                           â”‚                â”‚
â”‚ â”‚           UnsafeProtocolError = <class 'git.exc.UnsafeProtocolError'>                                                                                         â”‚                â”‚
â”‚ â”‚          UnsupportedOperation = <class 'gitdb.exc.UnsupportedOperation'>                                                                                      â”‚                â”‚
â”‚ â”‚                UpdateProgress = <class 'git.objects.submodule.base.UpdateProgress'>                                                                           â”‚                â”‚
â”‚ â”‚                          util = <module 'git.index.util' from '/home/luz/Documentos/app/beeware-venv/lib/python3.10/site-packages/git/index/util.py'>         â”‚                â”‚
â”‚ â”‚ WorkTreeRepositoryUnsupported = <class 'git.exc.WorkTreeRepositoryUnsupported'>                                                                               â”‚                â”‚
â”‚ â•°â”€â”€â”€â”€â”€â”€â”€â”€â”€â”€â”€â”€â”€â”€â”€â”€â”€â”€â”€â”€â”€â”€â”€â”€â”€â”€â”€â”€â”€â”€â”€â”€â”€â”€â”€â”€â”€â”€â”€â”€â”€â”€â”€â”€â”€â”€â”€â”€â”€â”€â”€â”€â”€â”€â”€â”€â”€â”€â”€â”€â”€â”€â”€â”€â”€â”€â”€â”€â”€â”€â”€â”€â”€â”€â”€â”€â”€â”€â”€â”€â”€â”€â”€â”€â”€â”€â”€â”€â”€â”€â”€â”€â”€â”€â”€â”€â”€â”€â”€â”€â”€â”€â”€â”€â”€â”€â”€â”€â”€â”€â”€â”€â”€â”€â”€â”€â”€â”€â”€â”€â”€â”€â”€â”€â”€â”€â”€â”€â”€â”€â”€â”€â”€â”€â”€â”€â”€â”€â”€â”€â”€â”€â”€â”€â”€â”€â”€â”€â”€â”€â”€â”€â”€â”€â”€â”€â”€â”€â”€â•¯                â”‚
â•°â”€â”€â”€â”€â”€â”€â”€â”€â”€â”€â”€â”€â”€â”€â”€â”€â”€â”€â”€â”€â”€â”€â”€â”€â”€â”€â”€â”€â”€â”€â”€â”€â”€â”€â”€â”€â”€â”€â”€â”€â”€â”€â”€â”€â”€â”€â”€â”€â”€â”€â”€â”€â”€â”€â”€â”€â”€â”€â”€â”€â”€â”€â”€â”€â”€â”€â”€â”€â”€â”€â”€â”€â”€â”€â”€â”€â”€â”€â”€â”€â”€â”€â”€â”€â”€â”€â”€â”€â”€â”€â”€â”€â”€â”€â”€â”€â”€â”€â”€â”€â”€â”€â”€â”€â”€â”€â”€â”€â”€â”€â”€â”€â”€â”€â”€â”€â”€â”€â”€â”€â”€â”€â”€â”€â”€â”€â”€â”€â”€â”€â”€â”€â”€â”€â”€â”€â”€â”€â”€â”€â”€â”€â”€â”€â”€â”€â”€â”€â”€â”€â”€â”€â”€â”€â”€â”€â”€â”€â”€â”€â”€â”€â”€â”€â”€â”€â”€â”€â”€â”€â”€â”€â”€â”€â”€â”€â”€â”€â•¯
ImportError: Failed to initialize: Bad git executable.
The git executable must be specified in one of the following ways:
    - be included in your $PATH
    - be set via $GIT_PYTHON_GIT_EXECUTABLE
    - explicitly set via git.refresh()

All git commands will error until this is rectified.

This initial warning can be silenced or aggravated in the future by setting the
$GIT_PYTHON_REFRESH environment variable. Use one of the following values:
    - quiet|q|silence|s|none|n|0: for no warning or exception
    - warn|w|warning|1: for a printed warning
    - error|e|raise|r|2: for a raised exception

Example:
    export GIT_PYTHON_REFRESH=quiet


The above exception was the direct cause of the following exception:

â•­â”€â”€â”€â”€â”€â”€â”€â”€â”€â”€â”€â”€â”€â”€â”€â”€â”€â”€â”€â”€â”€â”€â”€â”€â”€â”€â”€â”€â”€â”€â”€â”€â”€â”€â”€â”€â”€â”€â”€â”€â”€â”€â”€â”€â”€â”€â”€â”€â”€â”€â”€â”€â”€â”€â”€â”€â”€â”€â”€â”€â”€â”€â”€â”€â”€â”€â”€â”€â”€â”€â”€ Traceback (most recent call last) â”€â”€â”€â”€â”€â”€â”€â”€â”€â”€â”€â”€â”€â”€â”€â”€â”€â”€â”€â”€â”€â”€â”€â”€â”€â”€â”€â”€â”€â”€â”€â”€â”€â”€â”€â”€â”€â”€â”€â”€â”€â”€â”€â”€â”€â”€â”€â”€â”€â”€â”€â”€â”€â”€â”€â”€â”€â”€â”€â”€â”€â”€â”€â”€â”€â”€â”€â”€â”€â”€â”€â”€â•®
â”‚ /home/luz/Documentos/app/beeware-venv/lib/python3.10/site-packages/briefcase/__main__.py:25 in main                                                                              â”‚
â”‚                                                                                                                                                                                  â”‚
â”‚   22 â”‚   â”‚   command = Command(logger=logger, console=console)                                                                                                                   â”‚
â”‚   23 â”‚   â”‚   options = command.parse_options(extra=extra_cmdline)                                                                                                                â”‚
â”‚   24 â”‚   â”‚   command.parse_config(Path.cwd() / "pyproject.toml")                                                                                                                 â”‚
â”‚ â± 25 â”‚   â”‚   command(**options)                                                                                                                                                  â”‚
â”‚   26 â”‚   except HelpText as e:                                                                                                                                                   â”‚
â”‚   27 â”‚   â”‚   logger.info()                                                                                                                                                       â”‚
â”‚   28 â”‚   â”‚   logger.info(str(e))                                                                                                                                                 â”‚
â”‚                                                                                                                                                                                  â”‚
â”‚ â•­â”€â”€â”€â”€â”€â”€â”€â”€â”€â”€â”€â”€â”€â”€â”€â”€â”€â”€â”€â”€â”€â”€â”€â”€â”€â”€â”€â”€â”€â”€â”€â”€â”€â”€â”€â”€â”€â”€â”€â”€â”€â”€â”€â”€â”€â”€â”€â”€â”€â”€â”€â”€â”€â”€â”€â”€â”€â”€â”€â”€â”€â”€â”€â”€â”€â”€â”€â”€â”€â”€â”€â”€â”€â”€â”€â”€â”€â”€â”€â”€â”€â”€â”€ locals â”€â”€â”€â”€â”€â”€â”€â”€â”€â”€â”€â”€â”€â”€â”€â”€â”€â”€â”€â”€â”€â”€â”€â”€â”€â”€â”€â”€â”€â”€â”€â”€â”€â”€â”€â”€â”€â”€â”€â”€â”€â”€â”€â”€â”€â”€â”€â”€â”€â”€â”€â”€â”€â”€â”€â”€â”€â”€â”€â”€â”€â”€â”€â”€â”€â”€â”€â”€â”€â”€â”€â”€â”€â”€â”€â”€â”€â”€â”€â”€â”€â”€â”€â•® â”‚
â”‚ â”‚       command = <briefcase.commands.new.NewCommand object at 0x7efe65846920>                                                                                                 â”‚ â”‚
â”‚ â”‚       Command = <class 'briefcase.commands.new.NewCommand'>                                                                                                                  â”‚ â”‚
â”‚ â”‚       console = <briefcase.console.Console object at 0x7efe65647460>                                                                                                         â”‚ â”‚
â”‚ â”‚             e = BriefcaseCommandError('Briefcase requires git, but it is not installed (or is not on your PATH). Visit:\n\n    https://git-scm.com/\n\nto download and       â”‚ â”‚
â”‚ â”‚                 install git manually.\n\nIf you have installed git recently and are still getting this error, you may\nneed to restart your terminal session.\n')            â”‚ â”‚
â”‚ â”‚ extra_cmdline = []                                                                                                                                                           â”‚ â”‚
â”‚ â”‚        logger = <briefcase.console.Log object at 0x7efe65647670>                                                                                                             â”‚ â”‚
â”‚ â”‚       options = {'template': None, 'template_branch': None}                                                                                                                  â”‚ â”‚
â”‚ â”‚        result = 200                                                                                                                                                          â”‚ â”‚
â”‚ â•°â”€â”€â”€â”€â”€â”€â”€â”€â”€â”€â”€â”€â”€â”€â”€â”€â”€â”€â”€â”€â”€â”€â”€â”€â”€â”€â”€â”€â”€â”€â”€â”€â”€â”€â”€â”€â”€â”€â”€â”€â”€â”€â”€â”€â”€â”€â”€â”€â”€â”€â”€â”€â”€â”€â”€â”€â”€â”€â”€â”€â”€â”€â”€â”€â”€â”€â”€â”€â”€â”€â”€â”€â”€â”€â”€â”€â”€â”€â”€â”€â”€â”€â”€â”€â”€â”€â”€â”€â”€â”€â”€â”€â”€â”€â”€â”€â”€â”€â”€â”€â”€â”€â”€â”€â”€â”€â”€â”€â”€â”€â”€â”€â”€â”€â”€â”€â”€â”€â”€â”€â”€â”€â”€â”€â”€â”€â”€â”€â”€â”€â”€â”€â”€â”€â”€â”€â”€â”€â”€â”€â”€â”€â”€â”€â”€â”€â”€â”€â”€â”€â”€â”€â”€â”€â”€â”€â”€â”€â”€â”€â”€â”€â”€â”€â”€â”€â”€â”€â”€â”€â”€â”€â”€â”€â•¯ â”‚
â”‚                                                                                                                                                                                  â”‚
â”‚ /home/luz/Documentos/app/beeware-venv/lib/python3.10/site-packages/briefcase/commands/new.py:527 in __call__                                                                     â”‚
â”‚                                                                                                                                                                                  â”‚
â”‚   524 â”‚   ):                                                                                                                                                                     â”‚
â”‚   525 â”‚   â”‚   # Confirm host compatibility, and that all required tools are available.                                                                                           â”‚
â”‚   526 â”‚   â”‚   # There are no apps, so finalize() will be a no op on app configurations.                                                                                          â”‚
â”‚ â± 527 â”‚   â”‚   self.finalize()                                                                                                                                                    â”‚
â”‚   528 â”‚   â”‚                                                                                                                                                                      â”‚
â”‚   529 â”‚   â”‚   return self.new_app(                                                                                                                                               â”‚
â”‚   530 â”‚   â”‚   â”‚   template=template, template_branch=template_branch, **options                                                                                                  â”‚
â”‚                                                                                                                                                                                  â”‚
â”‚ â•­â”€â”€â”€â”€â”€â”€â”€â”€â”€â”€â”€â”€â”€â”€â”€â”€â”€â”€â”€â”€â”€â”€â”€â”€â”€â”€â”€â”€â”€â”€â”€â”€â”€â”€â”€â”€ locals â”€â”€â”€â”€â”€â”€â”€â”€â”€â”€â”€â”€â”€â”€â”€â”€â”€â”€â”€â”€â”€â”€â”€â”€â”€â”€â”€â”€â”€â”€â”€â”€â”€â”€â”€â”€â•®                                                                                               â”‚
â”‚ â”‚         options = {}                                                           â”‚                                                                                               â”‚
â”‚ â”‚            self = <briefcase.commands.new.NewCommand object at 0x7efe65846920> â”‚                                                                                               â”‚
â”‚ â”‚        template = None                                                         â”‚                                                                                               â”‚
â”‚ â”‚ template_branch = None                                                         â”‚                                                                                               â”‚
â”‚ â•°â”€â”€â”€â”€â”€â”€â”€â”€â”€â”€â”€â”€â”€â”€â”€â”€â”€â”€â”€â”€â”€â”€â”€â”€â”€â”€â”€â”€â”€â”€â”€â”€â”€â”€â”€â”€â”€â”€â”€â”€â”€â”€â”€â”€â”€â”€â”€â”€â”€â”€â”€â”€â”€â”€â”€â”€â”€â”€â”€â”€â”€â”€â”€â”€â”€â”€â”€â”€â”€â”€â”€â”€â”€â”€â”€â”€â”€â”€â”€â”€â•¯                                                                                               â”‚
â”‚                                                                                                                                                                                  â”‚
â”‚ /home/luz/Documentos/app/beeware-venv/lib/python3.10/site-packages/briefcase/commands/base.py:520 in finalize                                                                    â”‚
â”‚                                                                                                                                                                                  â”‚
â”‚   517 â”‚   â”‚   â”‚   to finalize. By default, all apps will be finalized.                         â•­â”€â”€â”€â”€â”€â”€â”€â”€â”€â”€â”€â”€â”€â”€â”€â”€â”€â”€â”€â”€â”€â”€â”€â”€â”€â”€â”€â”€â”€â”€ locals â”€â”€â”€â”€â”€â”€â”€â”€â”€â”€â”€â”€â”€â”€â”€â”€â”€â”€â”€â”€â”€â”€â”€â”€â”€â”€â”€â”€â”€â”€â”€â•®           â”‚
â”‚   518 â”‚   â”‚   """                                                                              â”‚  app = None                                                         â”‚           â”‚
â”‚   519 â”‚   â”‚   self.verify_host()                                                               â”‚ self = <briefcase.commands.new.NewCommand object at 0x7efe65846920> â”‚           â”‚
â”‚ â± 520 â”‚   â”‚   self.verify_tools()                                                              â•°â”€â”€â”€â”€â”€â”€â”€â”€â”€â”€â”€â”€â”€â”€â”€â”€â”€â”€â”€â”€â”€â”€â”€â”€â”€â”€â”€â”€â”€â”€â”€â”€â”€â”€â”€â”€â”€â”€â”€â”€â”€â”€â”€â”€â”€â”€â”€â”€â”€â”€â”€â”€â”€â”€â”€â”€â”€â”€â”€â”€â”€â”€â”€â”€â”€â”€â”€â”€â”€â•¯           â”‚
â”‚   521 â”‚   â”‚                                                                                                                                                                      â”‚
â”‚   522 â”‚   â”‚   if app is None:                                                                                                                                                    â”‚
â”‚   523 â”‚   â”‚   â”‚   for app in self.apps.values():                                                                                                                                 â”‚
â”‚                                                                                                                                                                                  â”‚
â”‚ /home/luz/Documentos/app/beeware-venv/lib/python3.10/site-packages/briefcase/commands/new.py:517 in verify_tools                                                                 â”‚
â”‚                                                                                                                                                                                  â”‚
â”‚   514 â”‚   â”‚   Raises MissingToolException if a required system tool is missing.                â•­â”€â”€â”€â”€â”€â”€â”€â”€â”€â”€â”€â”€â”€â”€â”€â”€â”€â”€â”€â”€â”€â”€â”€â”€â”€â”€â”€â”€â”€â”€ locals â”€â”€â”€â”€â”€â”€â”€â”€â”€â”€â”€â”€â”€â”€â”€â”€â”€â”€â”€â”€â”€â”€â”€â”€â”€â”€â”€â”€â”€â”€â”€â•®           â”‚
â”‚   515 â”‚   â”‚   """                                                                              â”‚ self = <briefcase.commands.new.NewCommand object at 0x7efe65846920> â”‚           â”‚
â”‚   516 â”‚   â”‚   super().verify_tools()                                                           â•°â”€â”€â”€â”€â”€â”€â”€â”€â”€â”€â”€â”€â”€â”€â”€â”€â”€â”€â”€â”€â”€â”€â”€â”€â”€â”€â”€â”€â”€â”€â”€â”€â”€â”€â”€â”€â”€â”€â”€â”€â”€â”€â”€â”€â”€â”€â”€â”€â”€â”€â”€â”€â”€â”€â”€â”€â”€â”€â”€â”€â”€â”€â”€â”€â”€â”€â”€â”€â”€â•¯           â”‚
â”‚ â± 517 â”‚   â”‚   git.verify_git_is_installed(tools=self.tools)                                                                                                                      â”‚
â”‚   518 â”‚                                                                                                                                                                          â”‚
â”‚   519 â”‚   def __call__(                                                                                                                                                          â”‚
â”‚   520 â”‚   â”‚   self,                                                                                                                                                              â”‚
â”‚                                                                                                                                                                                  â”‚
â”‚ /home/luz/Documentos/app/beeware-venv/lib/python3.10/site-packages/briefcase/integrations/git.py:53 in verify_git_is_installed                                                   â”‚
â”‚                                                                                                                                                                                  â”‚
â”‚   50 â”‚   â”‚   â”‚   ) from e                                                                     â•­â”€â”€â”€â”€â”€â”€â”€â”€â”€â”€â”€â”€â”€â”€â”€â”€â”€â”€â”€â”€â”€â”€â”€â”€â”€â”€â”€â”€â”€â”€â”€â”€â”€ locals â”€â”€â”€â”€â”€â”€â”€â”€â”€â”€â”€â”€â”€â”€â”€â”€â”€â”€â”€â”€â”€â”€â”€â”€â”€â”€â”€â”€â”€â”€â”€â”€â”€â•®       â”‚
â”‚   51 â”‚   â”‚                                                                                    â”‚ tools = <briefcase.integrations.base.ToolCache object at 0x7efe656462f0> â”‚       â”‚
â”‚   52 â”‚   â”‚   else:                                                                            â•°â”€â”€â”€â”€â”€â”€â”€â”€â”€â”€â”€â”€â”€â”€â”€â”€â”€â”€â”€â”€â”€â”€â”€â”€â”€â”€â”€â”€â”€â”€â”€â”€â”€â”€â”€â”€â”€â”€â”€â”€â”€â”€â”€â”€â”€â”€â”€â”€â”€â”€â”€â”€â”€â”€â”€â”€â”€â”€â”€â”€â”€â”€â”€â”€â”€â”€â”€â”€â”€â”€â”€â”€â”€â”€â•¯       â”‚
â”‚ â± 53 â”‚   â”‚   â”‚   raise BriefcaseCommandError(                                                                                                                                    â”‚
â”‚   54 â”‚   â”‚   â”‚   â”‚   """\                                                                                                                                                        â”‚
â”‚   55 Briefcase requires git, but it is not installed (or is not on your PATH). Visit:                                                                                            â”‚
â”‚   56                                                                                                                                                                             â”‚
â•°â”€â”€â”€â”€â”€â”€â”€â”€â”€â”€â”€â”€â”€â”€â”€â”€â”€â”€â”€â”€â”€â”€â”€â”€â”€â”€â”€â”€â”€â”€â”€â”€â”€â”€â”€â”€â”€â”€â”€â”€â”€â”€â”€â”€â”€â”€â”€â”€â”€â”€â”€â”€â”€â”€â”€â”€â”€â”€â”€â”€â”€â”€â”€â”€â”€â”€â”€â”€â”€â”€â”€â”€â”€â”€â”€â”€â”€â”€â”€â”€â”€â”€â”€â”€â”€â”€â”€â”€â”€â”€â”€â”€â”€â”€â”€â”€â”€â”€â”€â”€â”€â”€â”€â”€â”€â”€â”€â”€â”€â”€â”€â”€â”€â”€â”€â”€â”€â”€â”€â”€â”€â”€â”€â”€â”€â”€â”€â”€â”€â”€â”€â”€â”€â”€â”€â”€â”€â”€â”€â”€â”€â”€â”€â”€â”€â”€â”€â”€â”€â”€â”€â”€â”€â”€â”€â”€â”€â”€â”€â”€â”€â”€â”€â”€â”€â”€â”€â”€â”€â”€â”€â”€â”€â”€â”€â”€â”€â”€â•¯
BriefcaseCommandError: Briefcase requires git, but it is not installed (or is not on your PATH). Visit:

    https://git-scm.com/

to download and install git manually.

If you have installed git recently and are still getting this error, you may
need to restart your terminal session.

